 PROGRAM MLMNPB

 MAXIMUM LIKELIHOOD ESTIMATION OF
 LINEAR-IN-PARAMETERS MULTINOMIAL PROBIT MODELS
 (BOUNDS ARE ENFORCED; STATISTICS ARE NOT COMPUTED)


  NUMBER OF OBSERVATIONS.................  50
  NUMBER OF ALTERNATIVES PER CHOICE SET..   3
  EQUAL WEIGHTS FOR ALL OBSERVATIONS
  NO INTEGER EXPLANATORY VARIABLES
  NUMBER OF REAL DATA VALUES PER OBS.....   3
  OUTPUT UNIT............................   6

  COVARIANCE TYPE = INVERSE GAUSS-NEWTON HESSIAN
  NO REGRESSION DIAGNOSTICS REQUESTED
 
  *** NOTE:  NALT SET EQUAL TO ICSET ***
  NUMBER OF NOMINAL VARIABLES............   3
  NUMBER OF ATTRIBUTES PER ALTERNATIVE...   1
  NOMINAL DUMMIES USED
  CORRELATED ERROR TERMS
  NO RANDOM TASTE VARIATION

  NUMBER OF MODEL PARAMETERS.............   5

 INITIAL PARAMETER VECTOR AND BOUNDS: 
  1 TTIME       0.000000E+00 -0.100000E+03  0.100000E+03
  2 DBUS        0.000000E+00 -0.100000E+03  0.100000E+03
  3 DSTREETC    0.000000E+00 -0.100000E+03  0.100000E+03
  4 B21         0.100000E+01 -0.100000E+03  0.100000E+03
  5 B22         0.100000E+01 -0.100000E+03  0.100000E+03

 NONDEFAULT VALUES....

 DTYPE..... IV(16) =  0
 DINIT..... V(38) =  0.1000000E+01

 NUMBER OF OBSERVATIONS (NOBS) =   50

 LOG-LIKELIHOOD L(EST)  = -0.322697E+02
 LOG-LIKELIHOOD L(0)    = -0.549306E+02
 -2[L(0) - L(EST)]:     =  0.453219E+02

 1 - L(EST)/L(0):       =  0.412538E+00
 1 - (L(EST)-NPAR)/L(0) =  0.321514E+00

 (FIXED CHOICE SET SIZE)

 AGGREGATE CHOICES AND MARKET SHARES: 
   1      14.000  0.2800
   2      29.000  0.5800
   3       7.000  0.1400

 STATISTICS FOR CONSTANTS-ONLY MODEL:
    LOG-LIKELIHOOD L(C)    = -0.473814E+02
    -2[L(C) - L(EST)]:     =  0.302235E+02



 OUTPUT FOR CONVENIENT RESTART:
 TTIME   
  -0.113148E+00 -0.100000E+03  0.100000E+03
 DBUS    
   0.127593E-01 -0.100000E+03  0.100000E+03
 DSTREETC
   0.198357E+00 -0.100000E+03  0.100000E+03
 B21     
   0.592164E+00 -0.100000E+03  0.100000E+03
 B22     
   0.312719E+00 -0.100000E+03  0.100000E+03
