1EXAMPLE 1.  POLYNOMIAL WITH ZEROS 1,2,...,10.


 COEFFICIENTS
    0.1000000000000000D+01    0.0000000000000000D+00
   -0.5500000000000000D+02    0.0000000000000000D+00
    0.1320000000000000D+04    0.0000000000000000D+00
   -0.1815000000000000D+05    0.0000000000000000D+00
    0.1577730000000000D+06    0.0000000000000000D+00
   -0.9020550000000000D+06    0.0000000000000000D+00
    0.3416930000000000D+07    0.0000000000000000D+00
   -0.8409500000000000D+07    0.0000000000000000D+00
    0.1275357600000000D+08    0.0000000000000000D+00
   -0.1062864000000000D+08    0.0000000000000000D+00
    0.3628800000000000D+07    0.0000000000000000D+00



 ZEROS
    0.9999999999999978D+00    0.7795350092699733D-19
    0.2000000000000066D+01   -0.7015883067336354D-18
    0.3000000000000420D+01    0.4113377280324094D-16
    0.3999999999986883D+01    0.4839294045241686D-12
    0.5000000000090767D+01   -0.2904410781162135D-11
    0.7000000000569327D+01   -0.9682736994016055D-11
    0.5999999999696508D+01    0.7260798053768179D-11
    0.7999999999385570D+01    0.7097096805505415D-11
    0.9000000000356634D+01   -0.2570980391427806D-11
    0.9999999999913831D+01    0.3162633926702363D-12

1EXAMPLE 2. ZEROS ON IMAGINARY AXIS DEGREE 3.


 COEFFICIENTS
    0.1000000000000000D+01    0.0000000000000000D+00
    0.0000000000000000D+00   -0.1000100010000000D+05
   -0.1000100010000000D+05    0.0000000000000000D+00
    0.0000000000000000D+00    0.1000000000000000D+01



 ZEROS
    0.1355252715606881D-19    0.1000000000000000D-03
    0.0000000000000000D+00    0.1000000000000000D+01
   -0.1355252715606881D-19    0.1000000000000000D+05

1EXAMPLE 3. ZEROS AT 1+I,1/2*(1+I)....1/(2**-9)*(1+I)


 COEFFICIENTS
    0.1000000000000000D+01    0.0000000000000000D+00
   -0.1998046875000000D+01   -0.1998046875000000D+01
    0.0000000000000000D+00    0.2658859252929688D+01
    0.7567065954208374D+00   -0.7567065954208374D+00
   -0.2002119533717632D+00    0.0000000000000000D+00
    0.1271507365163416D-01    0.1271507365163416D-01
    0.0000000000000000D+00   -0.7820779428584501D-03
   -0.1154642632172909D-04    0.1154642632172909D-04
    0.1584803612786345D-06    0.0000000000000000D+00
   -0.4652065399568528D-09   -0.4652065399568528D-09
    0.0000000000000000D+00    0.9094947017729282D-12



 ZEROS
    0.1953124999999997D-02    0.1953124999999997D-02
    0.3906250000000025D-02    0.3906250000000023D-02
    0.7812499999999888D-02    0.7812499999999898D-02
    0.1562500000000028D-01    0.1562500000000028D-01
    0.3124999999999951D-01    0.3124999999999947D-01
    0.6250000000000071D-01    0.6250000000000068D-01
    0.1249999999999994D+00    0.1249999999999998D+00
    0.2499999999999996D+00    0.2499999999999987D+00
    0.5000000000000009D+00    0.5000000000000024D+00
    0.1000000000000000D+01    0.9999999999999987D+00

1EXAMPLE 4. MULTIPLE ZEROS


 COEFFICIENTS
    0.1000000000000000D+01    0.0000000000000000D+00
   -0.1000000000000000D+02   -0.1000000000000000D+02
    0.3000000000000000D+01    0.1000000000000000D+03
    0.2840000000000000D+03   -0.3340000000000000D+03
   -0.1293000000000000D+04    0.2000000000000000D+03
    0.2374000000000000D+04    0.1394000000000000D+04
   -0.1587000000000000D+04   -0.3836000000000000D+04
   -0.9200000000000000D+03    0.4334000000000000D+04
    0.2204000000000000D+04   -0.2352000000000000D+04
   -0.1344000000000000D+04    0.5040000000000000D+03
    0.2880000000000000D+03    0.0000000000000000D+00



 ZEROS
    0.9999999481660043D+00    0.6855972469084481D-07
    0.9999988525371414D+00   -0.3480050459418044D-06
    0.1000000817293259D+01   -0.9217322522791651D-06
    0.1000000382003688D+01    0.1201177815848712D-05
    0.3403895925148392D-04    0.1999986332192983D+01
   -0.5186558589374037D-05    0.2000036312873077D+01
   -0.2885240071179845D-04    0.1999977354933732D+01
    0.2999999988609472D+01   -0.1186669015749002D-08
    0.2924119856027949D-13    0.4000000000000012D+01
    0.3000000011390456D+01    0.1186621467752502D-08

1EXAMPLE 5. 12 ZEROS EVENLY DISTRIBUTE ON A CIRCLE OF RADIUS 1. CENTERED AT 0+2I.


 COEFFICIENTS
    0.1000000000000000D+01    0.0000000000000000D+00
    0.0000000000000000D+00   -0.2400000000000000D+02
   -0.2640000000000000D+03    0.0000000000000000D+00
    0.0000000000000000D+00    0.1760000000000000D+04
    0.7920000000000000D+04    0.0000000000000000D+00
    0.0000000000000000D+00   -0.2534400000000000D+05
   -0.5913600000000000D+05    0.0000000000000000D+00
    0.0000000000000000D+00    0.1013760000000000D+06
    0.1267200000000000D+06    0.0000000000000000D+00
    0.0000000000000000D+00   -0.1126400000000000D+06
   -0.6758400000000000D+05    0.0000000000000000D+00
    0.0000000000000000D+00    0.2457600000000000D+05
    0.4095000000000000D+04    0.0000000000000000D+00



 ZEROS
   -0.4953493385330236D-11    0.1000000000005633D+01
   -0.4999999999995358D+00    0.1133974596222230D+01
    0.4999999999920445D+00    0.1133974596216046D+01
    0.8660254037789789D+00    0.1499999999993076D+01
   -0.8660254037813377D+00    0.1500000000002035D+01
   -0.8660254037787632D+00    0.2500000000018871D+01
   -0.1000000000004090D+01    0.2000000000003592D+01
    0.1000000000004970D+01    0.1999999999990390D+01
    0.8660254038068472D+00    0.2500000000007378D+01
   -0.2829740997134819D-10    0.2999999999932338D+01
    0.4999999999655002D+00    0.2866025403827605D+01
   -0.4999999999513629D+00    0.2866025403780805D+01

